Start testing: Jul 09 14:56 PDT
----------------------------------------------------------
13/32 Testing: ml_radiation_training_test
13/32 Test: ml_radiation_training_test
Command: "/Users/rishabnuguru/space/ml_radiation_training_test"
Directory: /Users/rishabnuguru/space
"ml_radiation_training_test" start time: Jul 09 14:56 PDT
Output:
----------------------------------------------------------
[1m[34mML Radiation Training Test Suite[0m
Testing machine learning training capabilities in radiation environments

Running test 1/5: Basic radiation-aware training...
2025-07-09 14:56:12 [INFO] RadiationAwareTraining initialized with bit flip probability: 0.010000
2025-07-09 14:56:12 [INFO] Starting radiation-aware training...
2025-07-09 14:56:12 [INFO] Using specialized training for residual network
2025-07-09 14:56:12 [INFO] Initializing weight criticality map...
2025-07-09 14:56:12 [INFO] Updating weight criticality map...
2025-07-09 14:56:12 [INFO] Criticality map updated. Average criticality: 0.041667, Max criticality: 0.500000
2025-07-09 14:56:12 [INFO] Epoch 0: Accuracy before injection: 0.360000, after: 0.360000, recovery: 0.360000, time: 0.009251ms
2025-07-09 14:56:12 [INFO] Updating weight criticality map...
2025-07-09 14:56:12 [INFO] Criticality map updated. Average criticality: 0.083333, Max criticality: 0.500000
2025-07-09 14:56:12 [INFO] Radiation-aware training completed. Average accuracy drop: 0.000000, Recovery rate: 0.000000
Running test 2/5: Training under different environments...
2025-07-09 14:56:12 [INFO] RadiationAwareTraining initialized with bit flip probability: 0.020000
2025-07-09 14:56:12 [INFO] Starting radiation-aware training...
2025-07-09 14:56:12 [INFO] Using specialized training for residual network
2025-07-09 14:56:12 [INFO] Initializing weight criticality map...
2025-07-09 14:56:12 [INFO] Updating weight criticality map...
2025-07-09 14:56:12 [INFO] Criticality map updated. Average criticality: 0.041667, Max criticality: 0.500000
2025-07-09 14:56:12 [INFO] Epoch 0: Accuracy before injection: 0.540000, after: 0.540000, recovery: 0.540000, time: 0.004339ms
2025-07-09 14:56:12 [INFO] Updating weight criticality map...
2025-07-09 14:56:12 [INFO] Criticality map updated. Average criticality: 0.083333, Max criticality: 0.500000
2025-07-09 14:56:12 [INFO] Radiation-aware training completed. Average accuracy drop: 0.000000, Recovery rate: 0.000000
2025-07-09 14:56:12 [INFO] RadiationAwareTraining initialized with bit flip probability: 0.020000
2025-07-09 14:56:12 [INFO] Starting radiation-aware training...
2025-07-09 14:56:12 [INFO] Using specialized training for residual network
2025-07-09 14:56:12 [INFO] Initializing weight criticality map...
2025-07-09 14:56:12 [INFO] Updating weight criticality map...
2025-07-09 14:56:12 [INFO] Criticality map updated. Average criticality: 0.041667, Max criticality: 0.500000
2025-07-09 14:56:12 [INFO] Epoch 0: Accuracy before injection: 0.380000, after: 0.380000, recovery: 0.380000, time: 0.005902ms
2025-07-09 14:56:12 [INFO] Updating weight criticality map...
2025-07-09 14:56:12 [INFO] Criticality map updated. Average criticality: 0.083333, Max criticality: 0.500000
2025-07-09 14:56:12 [INFO] Radiation-aware training completed. Average accuracy drop: 0.000000, Recovery rate: 0.000000
2025-07-09 14:56:12 [INFO] RadiationAwareTraining initialized with bit flip probability: 0.020000
2025-07-09 14:56:12 [INFO] Starting radiation-aware training...
2025-07-09 14:56:12 [INFO] Using specialized training for residual network
2025-07-09 14:56:12 [INFO] Initializing weight criticality map...
2025-07-09 14:56:12 [INFO] Updating weight criticality map...
2025-07-09 14:56:12 [INFO] Criticality map updated. Average criticality: 0.041667, Max criticality: 0.500000
2025-07-09 14:56:12 [INFO] Epoch 0: Accuracy before injection: 0.480000, after: 0.480000, recovery: 0.480000, time: 0.010476ms
2025-07-09 14:56:12 [INFO] Updating weight criticality map...
2025-07-09 14:56:12 [INFO] Criticality map updated. Average criticality: 0.083333, Max criticality: 0.500000
2025-07-09 14:56:12 [INFO] Radiation-aware training completed. Average accuracy drop: 0.000000, Recovery rate: 0.000000
Running test 3/5: Radiation simulation during training...
2025-07-09 14:56:12 [INFO] RadiationAwareTraining initialized with bit flip probability: 0.015000
2025-07-09 14:56:12 [INFO] Starting radiation-aware training...
2025-07-09 14:56:12 [INFO] Using specialized training for residual network
2025-07-09 14:56:12 [INFO] Initializing weight criticality map...
2025-07-09 14:56:12 [INFO] Updating weight criticality map...
2025-07-09 14:56:12 [INFO] Criticality map updated. Average criticality: 0.062500, Max criticality: 0.500000
2025-07-09 14:56:12 [INFO] Epoch 0: Accuracy before injection: 0.600000, after: 0.600000, recovery: 0.600000, time: 0.005969ms
2025-07-09 14:56:12 [INFO] Updating weight criticality map...
2025-07-09 14:56:12 [INFO] Criticality map updated. Average criticality: 0.125000, Max criticality: 0.500000
2025-07-09 14:56:12 [INFO] Radiation-aware training completed. Average accuracy drop: 0.000000, Recovery rate: 0.000000
Running test 4/5: Training performance comparison...
2025-07-09 14:56:12 [INFO] RadiationAwareTraining initialized with bit flip probability: 0.010000
2025-07-09 14:56:12 [INFO] Starting radiation-aware training...
2025-07-09 14:56:12 [INFO] Using specialized training for residual network
2025-07-09 14:56:12 [INFO] Initializing weight criticality map...
2025-07-09 14:56:12 [INFO] Updating weight criticality map...
2025-07-09 14:56:12 [INFO] Criticality map updated. Average criticality: 0.050000, Max criticality: 0.500000
2025-07-09 14:56:12 [INFO] Epoch 0: Accuracy before injection: 0.250000, after: 0.250000, recovery: 0.250000, time: 0.014894ms
2025-07-09 14:56:12 [INFO] Updating weight criticality map...
2025-07-09 14:56:12 [INFO] Criticality map updated. Average criticality: 0.075000, Max criticality: 0.500000
2025-07-09 14:56:12 [INFO] Radiation-aware training completed. Average accuracy drop: 0.000000, Recovery rate: 0.000000
Running test 5/5: Adaptive protection during training...
2025-07-09 14:56:12 [INFO] RadiationAwareTraining initialized with bit flip probability: 0.001000
2025-07-09 14:56:12 [INFO] Starting radiation-aware training...
2025-07-09 14:56:12 [INFO] Using specialized training for residual network
2025-07-09 14:56:12 [INFO] Initializing weight criticality map...
2025-07-09 14:56:12 [INFO] Updating weight criticality map...
2025-07-09 14:56:12 [INFO] Criticality map updated. Average criticality: 0.027778, Max criticality: 0.500000
2025-07-09 14:56:12 [INFO] Epoch 0: Accuracy before injection: 0.306667, after: 0.306667, recovery: 0.306667, time: 0.005571ms
2025-07-09 14:56:12 [INFO] Updating weight criticality map...
2025-07-09 14:56:12 [INFO] Criticality map updated. Average criticality: 0.055556, Max criticality: 0.500000
2025-07-09 14:56:12 [INFO] Radiation-aware training completed. Average accuracy drop: 0.000000, Recovery rate: 0.000000
2025-07-09 14:56:12 [INFO] RadiationAwareTraining initialized with bit flip probability: 0.010000
2025-07-09 14:56:12 [INFO] Starting radiation-aware training...
2025-07-09 14:56:12 [INFO] Using specialized training for residual network
2025-07-09 14:56:12 [INFO] Initializing weight criticality map...
2025-07-09 14:56:12 [INFO] Updating weight criticality map...
2025-07-09 14:56:12 [INFO] Criticality map updated. Average criticality: 0.027778, Max criticality: 0.500000
2025-07-09 14:56:12 [INFO] Epoch 0: Accuracy before injection: 0.386667, after: 0.386667, recovery: 0.386667, time: 0.009666ms
2025-07-09 14:56:12 [INFO] Updating weight criticality map...
2025-07-09 14:56:12 [INFO] Criticality map updated. Average criticality: 0.055556, Max criticality: 0.500000
2025-07-09 14:56:12 [INFO] Radiation-aware training completed. Average accuracy drop: 0.000000, Recovery rate: 0.000000
2025-07-09 14:56:12 [INFO] RadiationAwareTraining initialized with bit flip probability: 0.050000
2025-07-09 14:56:12 [INFO] Starting radiation-aware training...
2025-07-09 14:56:12 [INFO] Using specialized training for residual network
2025-07-09 14:56:12 [INFO] Initializing weight criticality map...
2025-07-09 14:56:12 [INFO] Updating weight criticality map...
2025-07-09 14:56:12 [INFO] Criticality map updated. Average criticality: 0.027778, Max criticality: 0.500000
2025-07-09 14:56:12 [INFO] Epoch 0: Accuracy before injection: 0.346667, after: 0.346667, recovery: 0.346667, time: 0.009383ms
2025-07-09 14:56:12 [INFO] Updating weight criticality map...
2025-07-09 14:56:12 [INFO] Criticality map updated. Average criticality: 0.055556, Max criticality: 0.500000
2025-07-09 14:56:12 [INFO] Radiation-aware training completed. Average accuracy drop: 0.000000, Recovery rate: 0.000000

[1m[36m=== ML RADIATION TRAINING TEST RESULTS ===[0m

[1m[32m✓ PASSED[0m Radiation-Aware Training Basic
  Details: Training completed successfully
  Execution Time: 14.47 ms
  Metrics:
    avg_accuracy_drop: 0.0000
    recovery_rate: 0.0000
    total_bit_flips: 1.0000

[1m[32m✓ PASSED[0m Training Under Different Radiation Environments
  Details: Earth Orbit: SUCCESS (bit_flips=1) Mars: SUCCESS (bit_flips=0) Jupiter: SUCCESS (bit_flips=3) 
  Execution Time: 18.65 ms
  Metrics:
    Earth Orbit_bit_flips: 1.0000
    Earth Orbit_recovery_rate: 0.0000
    Jupiter_bit_flips: 3.0000
    Jupiter_recovery_rate: 0.0000
    Mars_bit_flips: 0.0000
    Mars_recovery_rate: 0.0000

[1m[32m✓ PASSED[0m Radiation Simulation During Training
  Details: Radiation simulation training completed successfully
  Execution Time: 11.40 ms
  Metrics:
    accuracy_resilience: 1.0000
    simulated_bit_flips: 0.0000

[1m[32m✓ PASSED[0m Training Performance Comparison
  Details: Performance comparison completed successfully
  Execution Time: 81.16 ms
  Metrics:
    baseline_time_ms: 65.3247
    radiation_aware_time_ms: 14.2087
    radiation_resilience: 1.0000
    time_overhead_ratio: 0.2175

[1m[32m✓ PASSED[0m Adaptive Protection During Training
  Details: Low protection: SUCCESS Medium protection: SUCCESS High protection: SUCCESS 
  Execution Time: 20.54 ms
  Metrics:
    High_protection_bit_flips: 7.0000
    High_protection_recovery: 0.0000
    Low_protection_bit_flips: 0.0000
    Low_protection_recovery: 0.0000
    Medium_protection_bit_flips: 1.0000
    Medium_protection_recovery: 0.0000

[1m[36m=== SUMMARY ===[0m
Tests Passed: 5/5
Success Rate: 100.0%
[32mAll tests passed![0m
<end of output>
Test time =   0.16 sec
----------------------------------------------------------
Test Passed.
"ml_radiation_training_test" end time: Jul 09 14:56 PDT
"ml_radiation_training_test" time elapsed: 00:00:00
----------------------------------------------------------

End testing: Jul 09 14:56 PDT
