Start testing: Jul 04 06:52 PDT
----------------------------------------------------------
10/32 Testing: orbit_transition_test
10/32 Test: orbit_transition_test
Command: "/Users/rishabnuguru/space/orbit_transition_test"
Directory: /Users/rishabnuguru/space
"orbit_transition_test" start time: Jul 04 06:52 PDT
Output:
----------------------------------------------------------
Running main() from /private/tmp/googletest-20250430-4945-4e8m2m/googletest-1.17.0/googletest/src/gtest_main.cc
[==========] Running 1 test from 1 test suite.
[----------] Global test environment set-up.
[----------] 1 test from OrbitTransitionTest
[ RUN      ] OrbitTransitionTest.FourYearMissionSimulation
Errors summary - injected:344880 corrected:344880 uncorrectable:0 eff:100% bitFlips:275932 multiUpsets:51662 latchups:10431 transients:6855 levelChanges:2 maxLevel:3
[       OK ] OrbitTransitionTest.FourYearMissionSimulation (13833 ms)
[----------] 1 test from OrbitTransitionTest (13833 ms total)

[----------] Global test environment tear-down
[==========] 1 test from 1 test suite ran. (13833 ms total)
[  PASSED  ] 1 test.
<end of output>
Test time =  13.85 sec
----------------------------------------------------------
Test Passed.
"orbit_transition_test" end time: Jul 04 06:52 PDT
"orbit_transition_test" time elapsed: 00:00:13
----------------------------------------------------------

End testing: Jul 04 06:52 PDT
